{"meta": {"format": 3, "version": "7.10.7", "timestamp": "2025-12-22T16:23:30.535142", "branch_coverage": false, "show_contexts": false}, "files": {"agent.py": {"executed_lines": [1, 18, 20, 21, 23, 26, 27, 28, 29, 30, 31, 34, 35, 36, 46, 47, 49, 51, 52, 53, 54, 55, 57, 59, 61, 63, 65, 75, 76, 77, 78, 79, 81, 91, 92, 93, 95, 96, 98, 101, 103, 105, 106, 107, 113, 115, 118, 120, 121, 124, 126], "summary": {"covered_lines": 48, "num_statements": 48, "percent_covered": 100.0, "percent_covered_display": "100", "missing_lines": 0, "excluded_lines": 0}, "missing_lines": [], "excluded_lines": [], "functions": {"Agent.register_tool": {"executed_lines": [51, 52, 53, 54, 55], "summary": {"covered_lines": 5, "num_statements": 5, "percent_covered": 100.0, "percent_covered_display": "100", "missing_lines": 0, "excluded_lines": 0}, "missing_lines": [], "excluded_lines": []}, "Agent.unregister_tool": {"executed_lines": [59], "summary": {"covered_lines": 1, "num_statements": 1, "percent_covered": 100.0, "percent_covered_display": "100", "missing_lines": 0, "excluded_lines": 0}, "missing_lines": [], "excluded_lines": []}, "Agent.list_tools": {"executed_lines": [63], "summary": {"covered_lines": 1, "num_statements": 1, "percent_covered": 100.0, "percent_covered_display": "100", "missing_lines": 0, "excluded_lines": 0}, "missing_lines": [], "excluded_lines": []}, "Agent.decide_tool": {"executed_lines": [75, 76, 77, 78, 79], "summary": {"covered_lines": 5, "num_statements": 5, "percent_covered": 100.0, "percent_covered_display": "100", "missing_lines": 0, "excluded_lines": 0}, "missing_lines": [], "excluded_lines": []}, "Agent.run": {"executed_lines": [91, 92, 93, 95, 96, 98, 101], "summary": {"covered_lines": 7, "num_statements": 7, "percent_covered": 100.0, "percent_covered_display": "100", "missing_lines": 0, "excluded_lines": 0}, "missing_lines": [], "excluded_lines": []}, "Agent.last_invocation": {"executed_lines": [105, 106, 107], "summary": {"covered_lines": 3, "num_statements": 3, "percent_covered": 100.0, "percent_covered_display": "100", "missing_lines": 0, "excluded_lines": 0}, "missing_lines": [], "excluded_lines": []}, "uppercase_tool": {"executed_lines": [115], "summary": {"covered_lines": 1, "num_statements": 1, "percent_covered": 100.0, "percent_covered_display": "100", "missing_lines": 0, "excluded_lines": 0}, "missing_lines": [], "excluded_lines": []}, "word_count_tool": {"executed_lines": [120, 121], "summary": {"covered_lines": 2, "num_statements": 2, "percent_covered": 100.0, "percent_covered_display": "100", "missing_lines": 0, "excluded_lines": 0}, "missing_lines": [], "excluded_lines": []}, "reverse_tool": {"executed_lines": [126], "summary": {"covered_lines": 1, "num_statements": 1, "percent_covered": 100.0, "percent_covered_display": "100", "missing_lines": 0, "excluded_lines": 0}, "missing_lines": [], "excluded_lines": []}, "": {"executed_lines": [1, 18, 20, 21, 23, 26, 27, 28, 29, 30, 31, 34, 35, 36, 46, 47, 49, 57, 61, 65, 81, 103, 113, 118, 124], "summary": {"covered_lines": 22, "num_statements": 22, "percent_covered": 100.0, "percent_covered_display": "100", "missing_lines": 0, "excluded_lines": 0}, "missing_lines": [], "excluded_lines": []}}, "classes": {"InvocationRecord": {"executed_lines": [], "summary": {"covered_lines": 0, "num_statements": 0, "percent_covered": 100.0, "percent_covered_display": "100", "missing_lines": 0, "excluded_lines": 0}, "missing_lines": [], "excluded_lines": []}, "Agent": {"executed_lines": [51, 52, 53, 54, 55, 59, 63, 75, 76, 77, 78, 79, 91, 92, 93, 95, 96, 98, 101, 105, 106, 107], "summary": {"covered_lines": 22, "num_statements": 22, "percent_covered": 100.0, "percent_covered_display": "100", "missing_lines": 0, "excluded_lines": 0}, "missing_lines": [], "excluded_lines": []}, "": {"executed_lines": [1, 18, 20, 21, 23, 26, 27, 28, 29, 30, 31, 34, 35, 36, 46, 47, 49, 57, 61, 65, 81, 103, 113, 115, 118, 120, 121, 124, 126], "summary": {"covered_lines": 26, "num_statements": 26, "percent_covered": 100.0, "percent_covered_display": "100", "missing_lines": 0, "excluded_lines": 0}, "missing_lines": [], "excluded_lines": []}}}, "test_agent.py": {"executed_lines": [1, 7, 8, 17, 18, 20, 22, 23, 24, 25, 27, 29, 30, 32, 33, 34, 36, 38, 39, 40, 41, 43, 44, 46, 48, 50, 51, 53, 54, 56, 58, 59, 61, 62, 64, 66, 67, 68, 70, 72, 73, 74, 76, 78, 80, 81, 83, 85, 86, 87, 89, 90, 92, 94, 95, 97, 98, 99, 101, 103, 104, 105, 109, 110, 112, 114, 115, 117, 119, 121, 122, 124, 126, 127, 129, 130, 132, 134, 135, 137, 138, 140, 142, 143, 145, 147, 148, 149, 150, 151, 153, 155, 156, 157, 159, 160, 161, 163, 165, 166, 167, 168, 170, 172, 173, 175, 176, 178, 179, 180, 182, 184, 185, 187, 189, 190, 192, 193, 195, 197, 198, 200, 201, 204, 205, 207, 209, 210, 211, 212, 214, 216, 217, 218, 219, 221, 223, 224, 225, 226, 227, 230, 231, 233, 235, 241, 242, 243, 245, 247, 253, 254, 255, 258, 259, 261, 263, 264, 265, 267, 268, 270, 271, 273, 275, 276, 278, 279, 281, 283, 284, 286, 287, 289, 291, 292, 294, 295, 297, 298, 300, 302, 303, 304, 305, 307, 308, 310, 312, 313, 314, 315, 317, 319], "summary": {"covered_lines": 189, "num_statements": 189, "percent_covered": 100.0, "percent_covered_display": "100", "missing_lines": 0, "excluded_lines": 0}, "missing_lines": [], "excluded_lines": [], "functions": {"TestAgent.test_agent_initialization": {"executed_lines": [22, 23, 24, 25], "summary": {"covered_lines": 4, "num_statements": 4, "percent_covered": 100.0, "percent_covered_display": "100", "missing_lines": 0, "excluded_lines": 0}, "missing_lines": [], "excluded_lines": []}, "TestAgent.test_register_tool_success": {"executed_lines": [29, 30, 32, 33, 34], "summary": {"covered_lines": 5, "num_statements": 5, "percent_covered": 100.0, "percent_covered_display": "100", "missing_lines": 0, "excluded_lines": 0}, "missing_lines": [], "excluded_lines": []}, "TestAgent.test_register_multiple_tools": {"executed_lines": [38, 39, 40, 41, 43, 44], "summary": {"covered_lines": 6, "num_statements": 6, "percent_covered": 100.0, "percent_covered_display": "100", "missing_lines": 0, "excluded_lines": 0}, "missing_lines": [], "excluded_lines": []}, "TestAgent.test_register_tool_empty_name_raises_error": {"executed_lines": [48, 50, 51, 53, 54], "summary": {"covered_lines": 5, "num_statements": 5, "percent_covered": 100.0, "percent_covered_display": "100", "missing_lines": 0, "excluded_lines": 0}, "missing_lines": [], "excluded_lines": []}, "TestAgent.test_register_tool_duplicate_name_raises_error": {"executed_lines": [58, 59, 61, 62], "summary": {"covered_lines": 4, "num_statements": 4, "percent_covered": 100.0, "percent_covered_display": "100", "missing_lines": 0, "excluded_lines": 0}, "missing_lines": [], "excluded_lines": []}, "TestAgent.test_unregister_tool_success": {"executed_lines": [66, 67, 68, 70, 72, 73, 74], "summary": {"covered_lines": 7, "num_statements": 7, "percent_covered": 100.0, "percent_covered_display": "100", "missing_lines": 0, "excluded_lines": 0}, "missing_lines": [], "excluded_lines": []}, "TestAgent.test_unregister_nonexistent_tool_raises_error": {"executed_lines": [78, 80, 81], "summary": {"covered_lines": 3, "num_statements": 3, "percent_covered": 100.0, "percent_covered_display": "100", "missing_lines": 0, "excluded_lines": 0}, "missing_lines": [], "excluded_lines": []}, "TestAgent.test_decide_tool_single_match": {"executed_lines": [85, 86, 87, 89, 90], "summary": {"covered_lines": 5, "num_statements": 5, "percent_covered": 100.0, "percent_covered_display": "100", "missing_lines": 0, "excluded_lines": 0}, "missing_lines": [], "excluded_lines": []}, "TestAgent.test_decide_tool_case_insensitive": {"executed_lines": [94, 95, 97, 98, 99], "summary": {"covered_lines": 5, "num_statements": 5, "percent_covered": 100.0, "percent_covered_display": "100", "missing_lines": 0, "excluded_lines": 0}, "missing_lines": [], "excluded_lines": []}, "TestAgent.test_decide_tool_multiple_matches_returns_first": {"executed_lines": [103, 104, 105, 109, 110], "summary": {"covered_lines": 5, "num_statements": 5, "percent_covered": 100.0, "percent_covered_display": "100", "missing_lines": 0, "excluded_lines": 0}, "missing_lines": [], "excluded_lines": []}, "TestAgent.test_decide_tool_no_match": {"executed_lines": [114, 115, 117], "summary": {"covered_lines": 3, "num_statements": 3, "percent_covered": 100.0, "percent_covered_display": "100", "missing_lines": 0, "excluded_lines": 0}, "missing_lines": [], "excluded_lines": []}, "TestAgent.test_decide_tool_empty_tools": {"executed_lines": [121, 122], "summary": {"covered_lines": 2, "num_statements": 2, "percent_covered": 100.0, "percent_covered_display": "100", "missing_lines": 0, "excluded_lines": 0}, "missing_lines": [], "excluded_lines": []}, "TestAgent.test_run_with_matching_tool": {"executed_lines": [126, 127, 129, 130], "summary": {"covered_lines": 4, "num_statements": 4, "percent_covered": 100.0, "percent_covered_display": "100", "missing_lines": 0, "excluded_lines": 0}, "missing_lines": [], "excluded_lines": []}, "TestAgent.test_run_with_no_matching_tool": {"executed_lines": [134, 135, 137, 138], "summary": {"covered_lines": 4, "num_statements": 4, "percent_covered": 100.0, "percent_covered_display": "100", "missing_lines": 0, "excluded_lines": 0}, "missing_lines": [], "excluded_lines": []}, "TestAgent.test_run_updates_history": {"executed_lines": [142, 143, 145, 147, 148, 149, 150, 151], "summary": {"covered_lines": 8, "num_statements": 8, "percent_covered": 100.0, "percent_covered_display": "100", "missing_lines": 0, "excluded_lines": 0}, "missing_lines": [], "excluded_lines": []}, "TestAgent.test_run_multiple_calls_history": {"executed_lines": [155, 156, 157, 159, 160, 161, 163, 165, 166, 167, 168], "summary": {"covered_lines": 11, "num_statements": 11, "percent_covered": 100.0, "percent_covered_display": "100", "missing_lines": 0, "excluded_lines": 0}, "missing_lines": [], "excluded_lines": []}, "TestAgent.test_last_invocation_with_history": {"executed_lines": [172, 173, 175, 176, 178, 179, 180], "summary": {"covered_lines": 7, "num_statements": 7, "percent_covered": 100.0, "percent_covered_display": "100", "missing_lines": 0, "excluded_lines": 0}, "missing_lines": [], "excluded_lines": []}, "TestAgent.test_last_invocation_empty_history": {"executed_lines": [184, 185], "summary": {"covered_lines": 2, "num_statements": 2, "percent_covered": 100.0, "percent_covered_display": "100", "missing_lines": 0, "excluded_lines": 0}, "missing_lines": [], "excluded_lines": []}, "TestAgent.test_run_with_word_count_tool": {"executed_lines": [189, 190, 192, 193], "summary": {"covered_lines": 4, "num_statements": 4, "percent_covered": 100.0, "percent_covered_display": "100", "missing_lines": 0, "excluded_lines": 0}, "missing_lines": [], "excluded_lines": []}, "TestAgent.test_run_with_reverse_tool": {"executed_lines": [197, 198, 200, 201], "summary": {"covered_lines": 4, "num_statements": 4, "percent_covered": 100.0, "percent_covered_display": "100", "missing_lines": 0, "excluded_lines": 0}, "missing_lines": [], "excluded_lines": []}, "TestBuiltInTools.test_uppercase_tool": {"executed_lines": [209, 210, 211, 212], "summary": {"covered_lines": 4, "num_statements": 4, "percent_covered": 100.0, "percent_covered_display": "100", "missing_lines": 0, "excluded_lines": 0}, "missing_lines": [], "excluded_lines": []}, "TestBuiltInTools.test_word_count_tool": {"executed_lines": [216, 217, 218, 219], "summary": {"covered_lines": 4, "num_statements": 4, "percent_covered": 100.0, "percent_covered_display": "100", "missing_lines": 0, "excluded_lines": 0}, "missing_lines": [], "excluded_lines": []}, "TestBuiltInTools.test_reverse_tool": {"executed_lines": [223, 224, 225, 226, 227], "summary": {"covered_lines": 5, "num_statements": 5, "percent_covered": 100.0, "percent_covered_display": "100", "missing_lines": 0, "excluded_lines": 0}, "missing_lines": [], "excluded_lines": []}, "TestInvocationRecord.test_invocation_record_creation": {"executed_lines": [235, 241, 242, 243], "summary": {"covered_lines": 4, "num_statements": 4, "percent_covered": 100.0, "percent_covered_display": "100", "missing_lines": 0, "excluded_lines": 0}, "missing_lines": [], "excluded_lines": []}, "TestInvocationRecord.test_invocation_record_with_none_tool": {"executed_lines": [247, 253, 254, 255], "summary": {"covered_lines": 4, "num_statements": 4, "percent_covered": 100.0, "percent_covered_display": "100", "missing_lines": 0, "excluded_lines": 0}, "missing_lines": [], "excluded_lines": []}, "TestEdgeCases.test_tool_with_special_characters_in_name": {"executed_lines": [263, 264, 265, 267, 268, 270, 271], "summary": {"covered_lines": 7, "num_statements": 7, "percent_covered": 100.0, "percent_covered_display": "100", "missing_lines": 0, "excluded_lines": 0}, "missing_lines": [], "excluded_lines": []}, "TestEdgeCases.test_empty_query": {"executed_lines": [275, 276, 278, 279], "summary": {"covered_lines": 4, "num_statements": 4, "percent_covered": 100.0, "percent_covered_display": "100", "missing_lines": 0, "excluded_lines": 0}, "missing_lines": [], "excluded_lines": []}, "TestEdgeCases.test_query_is_exact_tool_name": {"executed_lines": [283, 284, 286, 287], "summary": {"covered_lines": 4, "num_statements": 4, "percent_covered": 100.0, "percent_covered_display": "100", "missing_lines": 0, "excluded_lines": 0}, "missing_lines": [], "excluded_lines": []}, "TestEdgeCases.test_custom_tool_function": {"executed_lines": [291, 294, 295, 297, 298], "summary": {"covered_lines": 5, "num_statements": 5, "percent_covered": 100.0, "percent_covered_display": "100", "missing_lines": 0, "excluded_lines": 0}, "missing_lines": [], "excluded_lines": []}, "TestEdgeCases.test_custom_tool_function.custom_tool": {"executed_lines": [292], "summary": {"covered_lines": 1, "num_statements": 1, "percent_covered": 100.0, "percent_covered_display": "100", "missing_lines": 0, "excluded_lines": 0}, "missing_lines": [], "excluded_lines": []}, "TestEdgeCases.test_tool_order_preservation": {"executed_lines": [302, 303, 304, 305, 307, 308], "summary": {"covered_lines": 6, "num_statements": 6, "percent_covered": 100.0, "percent_covered_display": "100", "missing_lines": 0, "excluded_lines": 0}, "missing_lines": [], "excluded_lines": []}, "TestEdgeCases.test_reregister_after_unregister": {"executed_lines": [312, 313, 314, 315, 317, 319], "summary": {"covered_lines": 6, "num_statements": 6, "percent_covered": 100.0, "percent_covered_display": "100", "missing_lines": 0, "excluded_lines": 0}, "missing_lines": [], "excluded_lines": []}, "": {"executed_lines": [1, 7, 8, 17, 18, 20, 27, 36, 46, 56, 64, 76, 83, 92, 101, 112, 119, 124, 132, 140, 153, 170, 182, 187, 195, 204, 205, 207, 214, 221, 230, 231, 233, 245, 258, 259, 261, 273, 281, 289, 300, 310], "summary": {"covered_lines": 37, "num_statements": 37, "percent_covered": 100.0, "percent_covered_display": "100", "missing_lines": 0, "excluded_lines": 0}, "missing_lines": [], "excluded_lines": []}}, "classes": {"TestAgent": {"executed_lines": [22, 23, 24, 25, 29, 30, 32, 33, 34, 38, 39, 40, 41, 43, 44, 48, 50, 51, 53, 54, 58, 59, 61, 62, 66, 67, 68, 70, 72, 73, 74, 78, 80, 81, 85, 86, 87, 89, 90, 94, 95, 97, 98, 99, 103, 104, 105, 109, 110, 114, 115, 117, 121, 122, 126, 127, 129, 130, 134, 135, 137, 138, 142, 143, 145, 147, 148, 149, 150, 151, 155, 156, 157, 159, 160, 161, 163, 165, 166, 167, 168, 172, 173, 175, 176, 178, 179, 180, 184, 185, 189, 190, 192, 193, 197, 198, 200, 201], "summary": {"covered_lines": 98, "num_statements": 98, "percent_covered": 100.0, "percent_covered_display": "100", "missing_lines": 0, "excluded_lines": 0}, "missing_lines": [], "excluded_lines": []}, "TestBuiltInTools": {"executed_lines": [209, 210, 211, 212, 216, 217, 218, 219, 223, 224, 225, 226, 227], "summary": {"covered_lines": 13, "num_statements": 13, "percent_covered": 100.0, "percent_covered_display": "100", "missing_lines": 0, "excluded_lines": 0}, "missing_lines": [], "excluded_lines": []}, "TestInvocationRecord": {"executed_lines": [235, 241, 242, 243, 247, 253, 254, 255], "summary": {"covered_lines": 8, "num_statements": 8, "percent_covered": 100.0, "percent_covered_display": "100", "missing_lines": 0, "excluded_lines": 0}, "missing_lines": [], "excluded_lines": []}, "TestEdgeCases": {"executed_lines": [263, 264, 265, 267, 268, 270, 271, 275, 276, 278, 279, 283, 284, 286, 287, 291, 292, 294, 295, 297, 298, 302, 303, 304, 305, 307, 308, 312, 313, 314, 315, 317, 319], "summary": {"covered_lines": 33, "num_statements": 33, "percent_covered": 100.0, "percent_covered_display": "100", "missing_lines": 0, "excluded_lines": 0}, "missing_lines": [], "excluded_lines": []}, "": {"executed_lines": [1, 7, 8, 17, 18, 20, 27, 36, 46, 56, 64, 76, 83, 92, 101, 112, 119, 124, 132, 140, 153, 170, 182, 187, 195, 204, 205, 207, 214, 221, 230, 231, 233, 245, 258, 259, 261, 273, 281, 289, 300, 310], "summary": {"covered_lines": 37, "num_statements": 37, "percent_covered": 100.0, "percent_covered_display": "100", "missing_lines": 0, "excluded_lines": 0}, "missing_lines": [], "excluded_lines": []}}}}, "totals": {"covered_lines": 237, "num_statements": 237, "percent_covered": 100.0, "percent_covered_display": "100", "missing_lines": 0, "excluded_lines": 0}}