GROUP,PACKAGE,CLASS,INSTRUCTION_MISSED,INSTRUCTION_COVERED,BRANCH_MISSED,BRANCH_COVERED,LINE_MISSED,LINE_COVERED,COMPLEXITY_MISSED,COMPLEXITY_COVERED,METHOD_MISSED,METHOD_COVERED
CodeCLI Java Tests,default,CurrencyApp,59,0,2,0,20,0,3,0,2,0
CodeCLI Java Tests,default,FizzBuzzSolution,52,0,10,0,11,0,7,0,2,0
CodeCLI Java Tests,default,Sudoku,393,195,2,40,9,36,3,24,2,4
CodeCLI Java Tests,default,MedianTwoSortedArraysSolution,126,0,20,0,22,0,12,0,2,0
CodeCLI Java Tests,default,CurrencyConverter,0,78,0,6,0,22,0,9,0,6
