<?xml version="1.0" encoding="UTF-8"?>
<testsuite xmlns:xsi="http://www.w3.org/2001/XMLSchema-instance" xsi:noNamespaceSchemaLocation="https://maven.apache.org/surefire/maven-surefire-plugin/xsd/surefire-test-report-3.0.xsd" version="3.0" name="CurrencyConverterTest" time="0.016" tests="30" errors="0" skipped="0" failures="0">
  <properties>
[...]
</properties>
  <testcase name="testConvertVeryLargeAmount" classname="CurrencyConverterTest" time="0.001"/>
  <testcase name="testConvertVerySmallAmount" classname="CurrencyConverterTest" time="0.0"/>
  <testcase name="testConvertHighPrecisionAmount" classname="CurrencyConverterTest" time="0.0"/>
  <testcase name="testConvertDecimalAmount" classname="CurrencyConverterTest" time="0.0"/>
  <testcase name="testUnsupportedToCurrency" classname="CurrencyConverterTest" time="0.001"/>
  <testcase name="testConvertLowercaseCodes" classname="CurrencyConverterTest" time="0.001"/>
  <testcase name="testSupportedRatesValues" classname="CurrencyConverterTest" time="0.0"/>
  <testcase name="testNegativeAmount" classname="CurrencyConverterTest" time="0.001"/>
  <testcase name="testConvertGbpToEur" classname="CurrencyConverterTest" time="0.0"/>
  <testcase name="testConvertGbpToUsd" classname="CurrencyConverterTest" time="0.0"/>
  <testcase name="testConvertZeroAmount" classname="CurrencyConverterTest" time="0.0"/>
  <testcase name="testUnsupportedFromCurrency" classname="CurrencyConverterTest" time="0.0"/>
  <testcase name="testSupportedRates" classname="CurrencyConverterTest" time="0.0"/>
  <testcase name="testNullFromCurrency" classname="CurrencyConverterTest" time="0.001"/>
  <testcase name="testConvertUsdToEur" classname="CurrencyConverterTest" time="0.0"/>
  <testcase name="testConvertUsdToGbp" classname="CurrencyConverterTest" time="0.0"/>
  <testcase name="testConvertUsdToJpy" classname="CurrencyConverterTest" time="0.0"/>
  <testcase name="testConvertSameCurrencyEur" classname="CurrencyConverterTest" time="0.0"/>
  <testcase name="testConvertSameCurrencyUsd" classname="CurrencyConverterTest" time="0.001"/>
  <testcase name="testEmptyFromCurrency" classname="CurrencyConverterTest" time="0.0"/>
  <testcase name="testConvertEurToGbp" classname="CurrencyConverterTest" time="0.0"/>
  <testcase name="testConvertEurToJpy" classname="CurrencyConverterTest" time="0.0"/>
  <testcase name="testConvertEurToUsd" classname="CurrencyConverterTest" time="0.0"/>
  <testcase name="testConvertJpyToGbp" classname="CurrencyConverterTest" time="0.001"/>
  <testcase name="testConvertJpyToUsd" classname="CurrencyConverterTest" time="0.0"/>
  <testcase name="testEmptyToCurrency" classname="CurrencyConverterTest" time="0.001"/>
  <testcase name="testSupportedRatesUnmodifiable" classname="CurrencyConverterTest" time="0.0"/>
  <testcase name="testConvertWithWhitespace" classname="CurrencyConverterTest" time="0.0"/>
  <testcase name="testNullToCurrency" classname="CurrencyConverterTest" time="0.0"/>
  <testcase name="testConvertMixedCaseCodes" classname="CurrencyConverterTest" time="0.0"/>
</testsuite>