<?xml version="1.0" encoding="UTF-8"?>
<testsuite xmlns:xsi="http://www.w3.org/2001/XMLSchema-instance" xsi:noNamespaceSchemaLocation="https://maven.apache.org/surefire/maven-surefire-plugin/xsd/surefire-test-report-3.0.xsd" version="3.0" name="SudokuTest" time="3.496" tests="12" errors="0" skipped="0" failures="0">
  <properties>
[...]
</properties>
  <testcase name="testEmptyBoard" classname="SudokuTest" time="0.009"/>
  <testcase name="testHardPuzzle" classname="SudokuTest" time="0.089"/>
  <testcase name="testUnsolvablePuzzle" classname="SudokuTest" time="0.006"/>
  <testcase name="testPrintBoard" classname="SudokuTest" time="0.003">
    <system-out><![CDATA[5 3 . | . 7 . | . . . 
6 . . | 1 9 5 | . . . 
. 9 8 | . . . | . 6 . 
------+-------+------
8 . . | . 6 . | . . 3 
4 . . | 8 . 3 | . . 1 
7 . . | . 2 . | . . 6 
------+-------+------
. 6 . | . . . | 2 8 . 
. . . | 4 1 9 | . . 5 
. . . | . 8 . | . 7 9 
]]></system-out>
  </testcase>
  <testcase name="testNoDuplicatesInColumns" classname="SudokuTest" time="0.002"/>
  <testcase name="testOneEmptyCell" classname="SudokuTest" time="0.001"/>
  <testcase name="testAlreadySolved" classname="SudokuTest" time="0.002"/>
  <testcase name="testInPlaceModification" classname="SudokuTest" time="0.001"/>
  <testcase name="testNoDuplicatesInRows" classname="SudokuTest" time="0.001"/>
  <testcase name="testNoDuplicatesInBoxes" classname="SudokuTest" time="0.001"/>
  <testcase name="testMinimalClues" classname="SudokuTest" time="3.371"/>
  <testcase name="testSolveEasyPuzzle" classname="SudokuTest" time="0.001"/>
</testsuite>